<?xml version="1.0" encoding="UTF-8"?>
<!-- Generated by org.testng.reporters.JUnitReportReporter -->
<testsuite hostname="DESKTOP-IJKHCE6" failures="0" tests="2" name="com.guru99.testscripts.TestHome" time="15.683" errors="0" timestamp="2023-07-12T13:20:59 IST" skipped="0">
  <testcase classname="com.guru99.testscripts.TestHome" name="UserAfterLogin" time="9.006"/>
  <system-out/>
  <testcase classname="com.guru99.testscripts.TestHome" name="title" time="6.677"/>
  <system-out/>
</testsuite> <!-- com.guru99.testscripts.TestHome -->
